make all --print-data-base --no-builtin-variables --no-builtin-rules --question
# GNU Make 4.3
# Built for x86_64-pc-linux-gnu
# Copyright (C) 1988-2020 Free Software Foundation, Inc.
# License GPLv3+: GNU GPL version 3 or later <http://gnu.org/licenses/gpl.html>
# This is free software: you are free to change and redistribute it.
# There is NO WARRANTY, to the extent permitted by law.

# Make data base, printed on Wed Jul  6 18:30:13 2022

# Variables

# environment
GDK_BACKEND = x11
# environment
LC_ALL = C
# environment
GNOME_SHELL_SESSION_MODE = ubuntu
# environment
SSH_AGENT_LAUNCHER = gnome-keyring
# environment
SNAP_INSTANCE_KEY = 
# environment
ELECTRON_ENABLE_STACK_DUMPING = 1
# environment
GJS_DEBUG_OUTPUT = stderr
# environment
VSCODE_IPC_HOOK_EXTHOST = /run/user/1000/vscode-ipc-5f5614c6-667a-4024-9d10-b1ca29443e4e.sock
# environment
LC_NAME = pt_PT.UTF-8
# environment
LC_NUMERIC = pt_PT.UTF-8
# environment
VSCODE_CWD = /home/ezequeil
# environment
LC_ADDRESS = pt_PT.UTF-8
# default
MAKE_COMMAND := make
# environment
QT_ACCESSIBILITY = 1
# automatic
@D = $(patsubst %/,%,$(dir $@))
# environment
SNAP_INSTANCE_NAME = code
# environment
GDK_PIXBUF_MODULEDIR = /snap/code/99/usr/lib/x86_64-linux-gnu/gdk-pixbuf-2.0/2.10.0/loaders
# environment
VSCODE_HANDLES_UNCAUGHT_ERRORS = true
# default
.VARIABLES := 
# environment
PWD = /home/ezequeil/Documents/GitHub/cub3d
# automatic
%D = $(patsubst %/,%,$(dir $%))
# environment
XDG_DATA_DIRS = /usr/share/ubuntu:/usr/local/share/:/usr/share/:/var/lib/snapd/desktop
# automatic
^D = $(patsubst %/,%,$(dir $^))
# makefile (from 'Makefile', line 33)
COLOUR_YELLOW = \033[7;1;33m
# environment
VSCODE_LOG_STACK = false
# automatic
%F = $(notdir $%)
# environment
VSCODE_CODE_CACHE_PATH = /home/ezequeil/.config/Code/CachedData/30d9c6cd9483b2cc586687151bcbcd635f373630
# environment
LANG = C
# environment
XAUTHORITY = /run/user/1000/.mutter-Xwaylandauth.GQVTO1
# default
.LOADED := 
# default
.INCLUDE_DIRS = /usr/local/include /usr/include /usr/include
# makefile
MAKEFLAGS = pqrR
# makefile
CURDIR := /home/ezequeil/Documents/GitHub/cub3d
# environment
VSCODE_PIPE_LOGGING = true
# environment
APPLICATION_INSIGHTS_NO_DIAGNOSTIC_CHANNEL = 1
# makefile (from 'Makefile', line 22)
SRCS = main.c $(shell find src/ -name '*.c')
# automatic
*D = $(patsubst %/,%,$(dir $*))
# environment
MFLAGS = -pqrR
# environment
SSH_AUTH_SOCK = /run/user/1000/keyring/ssh
# default
.SHELLFLAGS := -c
# makefile (from 'Makefile', line 29)
MLX_INCLUDE = -Imlx_linux
# environment
WAYLAND_DISPLAY = wayland-0
# environment
XDG_CONFIG_DIRS = /etc/xdg/xdg-ubuntu:/etc/xdg
# automatic
+D = $(patsubst %/,%,$(dir $+))
# environment
XDG_SESSION_DESKTOP = ubuntu
# makefile (from 'Makefile', line 1)
MAKEFILE_LIST := Makefile
# environment
SNAP_REEXEC = 
# automatic
@F = $(notdir $@)
# environment
VSCODE_VERBOSE_LOGGING = true
# environment
VSCODE_PID = 23087
# environment
XDG_SESSION_TYPE = wayland
# automatic
?D = $(patsubst %/,%,$(dir $?))
# environment
BAMF_DESKTOP_FILE_HINT = /var/lib/snapd/desktop/applications/gitkraken_gitkraken.desktop
# makefile (from 'Makefile', line 19)
INCLUDES = -Iheaders/
# environment
SESSION_MANAGER = local/ezequeil-Aspire-A515-54G:@/tmp/.ICE-unix/1216,unix/ezequeil-Aspire-A515-54G:/tmp/.ICE-unix/1216
# automatic
*F = $(notdir $*)
# makefile (from 'Makefile', line 20)
MILIB = -I /usr/X11/include -g -L /usr/X11/lib -l minilibx-linux -framework OpenGL -framework AppKit
# environment
CHROME_DESKTOP = code-url-handler.desktop
# environment
DBUS_SESSION_BUS_ADDRESS = unix:path=/run/user/1000/bus
# automatic
<D = $(patsubst %/,%,$(dir $<))
# environment
VSCODE_NLS_CONFIG = {"locale":"en-us","availableLanguages":{},"_languagePackSupport":true}
# default
MAKE_HOST := x86_64-pc-linux-gnu
# makefile (from 'Makefile', line 23)
OBJS = $(SRCS:.c=.o)
# environment
GNOME_DESKTOP_SESSION_ID = this-is-deprecated
# makefile
SHELL = /bin/sh
# default
MAKECMDGOALS := all
# environment
XMODIFIERS = @im=ibus
# makefile (from 'Makefile', line 32)
COLOUR_END = \033[0m
# environment
GJS_DEBUG_TOPICS = JS ERROR;JS LOG
# environment
SHLVL = 0
# environment
MAKELEVEL := 0
# default
MAKE = $(MAKE_COMMAND)
# environment
SNAP_COOKIE = ivixzH3CgFj4adzQlGKPjzNvzi7EL80KtNKIS0-pwJ_96oX7VCoQ
# environment
PATH = /home/ezequeil/.local/bin:/usr/local/sbin:/usr/local/bin:/usr/sbin:/usr/bin:/sbin:/bin:/usr/games:/usr/local/games:/snap/bin:/snap/bin
# default
MAKEFILES := 
# environment
LC_MONETARY = pt_PT.UTF-8
# automatic
^F = $(notdir $^)
# environment
SNAP_USER_COMMON = /home/ezequeil/snap/code/common
# makefile (from 'Makefile', line 35)
MLX_FLAGS = -L$(MLX_LIB_DIR) -lmlx_Linux -L/usr/lib -lXext -lX11 -lm -lz
# environment
LC_TIME = pt_PT.UTF-8
# environment
SNAP = /snap/code/99
# environment
INVOCATION_ID = cf782fc4ca774a10b48928283098b1c0
# environment
SNAP_REVISION = 99
# environment
SNAP_REAL_HOME = /home/ezequeil
# environment
VSCODE_LOG_NATIVE = false
# environment
USERNAME = ezequeil
# environment
GNOME_SETUP_DISPLAY = :1
# environment
LC_TELEPHONE = pt_PT.UTF-8
# automatic
?F = $(notdir $?)
# makefile (from 'Makefile', line 18)
NAME = cub3D
# environment
XDG_CURRENT_DESKTOP = Unity
# automatic
+F = $(notdir $+)
# environment
DESKTOP_SESSION = ubuntu
# environment
ORIGINAL_XDG_CURRENT_DESKTOP = Unity
# 'override' directive
GNUMAKEFLAGS := 
# environment
LOGNAME = ezequeil
# environment
GIO_LAUNCHED_DESKTOP_FILE = /var/lib/snapd/desktop/applications/gitkraken_gitkraken.desktop
# environment
SNAP_ARCH = amd64
# makefile
.DEFAULT_GOAL := all
# environment
SYSTEMD_EXEC_PID = 1235
# makefile (from 'Makefile', line 17)
RM = /bin/rm -f
# environment
DISPLAY = :0
# environment
USER = ezequeil
# environment
GTK_MODULES = gail:atk-bridge
# default
MAKE_VERSION := 4.3
# 'override' directive
.SHELLSTATUS := 0
# environment
DISABLE_WAYLAND = 1
# environment
SNAP_DATA = /var/snap/code/99
# environment
SNAP_CONTEXT = ivixzH3CgFj4adzQlGKPjzNvzi7EL80KtNKIS0-pwJ_96oX7VCoQ
# environment
MANAGERPID = 1081
# environment
LC_MEASUREMENT = pt_PT.UTF-8
# environment
GIO_LAUNCHED_DESKTOP_FILE_PID = 22111
# environment
LC_PAPER = pt_PT.UTF-8
# environment
XDG_RUNTIME_DIR = /run/user/1000
# makefile (from 'Makefile', line 16)
CFLAGS = -Wall -Wextra -Werror
# makefile (from 'Makefile', line 31)
COLOUR_GREEN = \033[7;1;32m
# environment
GDK_PIXBUF_MODULE_FILE = /home/ezequeil/snap/code/common/.cache/gdk-pixbuf-loaders.cache
# environment
LC_CTYPE = pt_PT.UTF-8
# environment
JOURNAL_STREAM = 8:31116
# environment
XDG_SESSION_CLASS = user
# environment
VSCODE_AMD_ENTRYPOINT = vs/workbench/api/node/extensionHostProcess
# makefile (from 'Makefile', line 28)
LIBFT_INCLUDE = -ILIBFT/include
# environment
HOME = /home/ezequeil
# environment
QT_IM_MODULE = ibus
# environment
ELECTRON_RUN_AS_NODE = 1
# environment
VSCODE_IPC_HOOK = /run/user/1000/vscode-0fb073e2-1.68.1-main.sock
# environment
SNAP_NAME = code
# environment
GSETTINGS_SCHEMA_DIR = /snap/code/99/usr/share/glib-2.0/schemas
# environment
IM_CONFIG_PHASE = 1
# makefile (from 'Makefile', line 26)
MLX_LIB_DIR = mlx_linux/
# default
.RECIPEPREFIX := 
# automatic
<F = $(notdir $<)
# environment
SNAP_VERSION = 30d9c6cd
# default
SUFFIXES := 
# environment
VSCODE_CLI = 1
# environment
ELECTRON_NO_ATTACH_CONSOLE = 1
# environment
SNAP_COMMON = /var/snap/code/common
# default
.FEATURES := target-specific order-only second-expansion else-if shortest-stem undefine oneshell nocomment grouped-target extra-prereqs archives jobserver output-sync check-symlink load
# makefile (from 'Makefile', line 15)
CC = gcc
# environment
SNAP_USER_DATA = /home/ezequeil/snap/code/99
# environment
XDG_MENU_PREFIX = gnome-
# environment
GDMSESSION = ubuntu
 
# environment
LC_IDENTIFICATION = pt_PT.UTF-8
# environment
SNAP_LIBRARY_PATH = /var/lib/snapd/lib/gl:/var/lib/snapd/lib/gl32:/var/lib/snapd/void
# variable set hash-table stats:
# Load=144/1024=14%, Rehash=0, Collisions=7/187=4%

# Pattern-specific Variable Values

# No pattern-specific variable values.

# Directories

# . (device 66306, inode 14812784): 15 files, no impossibilities.

# 15 files, no impossibilities in 1 directories.

# Implicit Rules

%.o: %.c
#  recipe to execute (from 'Makefile', line 45):
	@$(CC) $(INCLUDES) $(MLX_INCLUDE) -c $(^) -o $(@)

# 1 implicit rules, 0 (0.0%) terminal.
# Files

# Not a target:
src/transforme/ft_vector3.o:
#  Implicit rule search has not been done.
#  Modification time never checked.
#  File has not been updated.

# Not a target:
src/util/get_next_line.o:
#  Implicit rule search has not been done.
#  Modification time never checked.
#  File has not been updated.

# Not a target:
src/util/array/hasmap/base_hasmap.o:
#  Implicit rule search has not been done.
#  Modification time never checked.
#  File has not been updated.

# Not a target:
src/objects/scene/ft_scene.o:
#  Implicit rule search has not been done.
#  Modification time never checked.
#  File has not been updated.

# Not a target:
src/engine/ft_engine_util.o:
#  Implicit rule search has not been done.
#  Modification time never checked.
#  File has not been updated.

# Not a target:
src/components/ft_comonets.o:
#  Implicit rule search has not been done.
#  Modification time never checked.
#  File has not been updated.

v:
#  Implicit rule search has not been done.
#  Modification time never checked.
#  File has not been updated.
#  recipe to execute (from 'Makefile', line 65):
	@make re && make clean && clear && valgrind --leak-check=full --log-file="logfile.out" -v ./cub3D

# Not a target:
src/util/array/base_array.o:
#  Implicit rule search has not been done.
#  Modification time never checked.
#  File has not been updated.

# Not a target:
src/checks/ft_check_util.o:
#  Implicit rule search has not been done.
#  Modification time never checked.
#  File has not been updated.

# Not a target:
src/components/nav_meshs/nav_mash_util.o:
#  Implicit rule search has not been done.
#  Modification time never checked.
#  File has not been updated.

# Not a target:
src/util/this.o:
#  Implicit rule search has not been done.
#  Modification time never checked.
#  File has not been updated.

# Not a target:
src/checks/ft_check_map2.o:
#  Implicit rule search has not been done.
#  Modification time never checked.
#  File has not been updated.

# Not a target:
src/engine/render/ft_render_util.o:
#  Implicit rule search has not been done.
#  Modification time never checked.
#  File has not been updated.

# Not a target:
src/objects/scene/ft_scene_util.o:
#  Implicit rule search has not been done.
#  Modification time never checked.
#  File has not been updated.

# Not a target:
src/objects/base/ft_object_base_util.o:
#  Implicit rule search has not been done.
#  Modification time never checked.
#  File has not been updated.

# Not a target:
Makefile:
#  Implicit rule search has been done.
#  Last modified 2022-07-02 18:40:40.358665065
#  File has been updated.
#  Successfully updated.

# Not a target:
src/util/string/string_util4.o:
#  Implicit rule search has not been done.
#  Modification time never checked.
#  File has not been updated.

# Not a target:
src/util/util.o:
#  Implicit rule search has not been done.
#  Modification time never checked.
#  File has not been updated.

# Not a target:
src/engine/event_controller/ft_event_controller.o:
#  Implicit rule search has not been done.
#  Modification time never checked.
#  File has not been updated.

# Not a target:
src/util/string/string_util2.o:
#  Implicit rule search has not been done.
#  Modification time never checked.
#  File has not been updated.

bonus: all
#  Implicit rule search has not been done.
#  Modification time never checked.
#  File has not been updated.

# Not a target:
src/components/nav_meshs/nav_mash.o:
#  Implicit rule search has not been done.
#  Modification time never checked.
#  File has not been updated.

clean:
#  Phony target (prerequisite of .PHONY).
#  Implicit rule search has not been done.
#  File does not exist.
#  File has not been updated.
#  recipe to execute (from 'Makefile', line 50):
	@$(RM) $(OBJS)
	@echo "\033[0;31mREMOVED OBJECT FILES\033[0m"

# Not a target:
src/objects/teste/ft_teste.o:
#  Implicit rule search has not been done.
#  Modification time never checked.
#  File has not been updated.

# Not a target:
src/util/string/string.o:
#  Implicit rule search has not been done.
#  Modification time never checked.
#  File has not been updated.

# Not a target:
src/objects/base/ft_object_base.o:
#  Implicit rule search has not been done.
#  Modification time never checked.
#  File has not been updated.

re: fclean all
#  Phony target (prerequisite of .PHONY).
#  Implicit rule search has not been done.
#  File does not exist.
#  File has not been updated.

# Not a target:
src/engine/ft_engine.o:
#  Implicit rule search has not been done.
#  Modification time never checked.
#  File has not been updated.

# Not a target:
src/util/array/hasmap/base_hasmap_util.o:
#  Implicit rule search has not been done.
#  Modification time never checked.
#  File has not been updated.

# Not a target:
src/util/string/string_util3.o:
#  Implicit rule search has not been done.
#  Modification time never checked.
#  File has not been updated.

# Not a target:
.DEFAULT:
#  Implicit rule search has not been done.
#  Modification time never checked.
#  File has not been updated.

all: cub3D
#  Phony target (prerequisite of .PHONY).
#  Command line target.
#  Implicit rule search has not been done.
#  File does not exist.
#  File has been updated.
#  Needs to be updated (-q is set).
# variable set hash-table stats:
# Load=0/32=0%, Rehash=0, Collisions=0/6=0%

fclean: clean
#  Phony target (prerequisite of .PHONY).
#  Implicit rule search has not been done.
#  File does not exist.
#  File has not been updated.
#  recipe to execute (from 'Makefile', line 54):
	@$(RM) $(NAME)
	@echo "\033[0;31mREMOVED cub3D EXECUTABLE\033[0m"

# Not a target:
src/checks/ft_check_map.o:
#  Implicit rule search has not been done.
#  Modification time never checked.
#  File has not been updated.

# Not a target:
src/objects/map/ft_map.o:
#  Implicit rule search has not been done.
#  Modification time never checked.
#  File has not been updated.

# Not a target:
main.c:
#  Implicit rule search has been done.
#  Last modified 2022-07-02 16:09:16.321979316
#  File has been updated.
#  Successfully updated.

# Not a target:
src/util/memory.o:
#  Implicit rule search has not been done.
#  Modification time never checked.
#  File has not been updated.

main.o: main.c
#  Implicit rule search has been done.
#  Implicit/static pattern stem: 'main'
#  File does not exist.
#  File has been updated.
#  Needs to be updated (-q is set).
# automatic
# @ := main.o
# automatic
# * := main
# automatic
# < := main.c
# automatic
# + := main.c
# automatic
# % := 
# automatic
# ^ := main.c
# automatic
 
# ? := main.c
# automatic
# | := 
# variable set hash-table stats:
# Load=8/32=25%, Rehash=0, Collisions=2/16=12%
#  recipe to execute (from 'Makefile', line 45):
	@$(CC) $(INCLUDES) $(MLX_INCLUDE) -c $(^) -o $(@)

r:
#  Implicit rule search has not been done.
#  Modification time never checked.
#  File has not been updated.
#  recipe to execute (from 'Makefile', line 67):
	@make re && make clean && clear && ./cub3D map/map0.car map/map1.car map/map2.car

# Not a target:
src/objects/map/ft_map_util.o:
#  Implicit rule search has not been done.
#  Modification time never checked.
#  File has not been updated.

# Not a target:
src/engine/render/ft_render.o:
#  Implicit rule search has not been done.
#  Modification time never checked.
#  File has not been updated.

# Not a target:
src/util/array/base_array_util.o:
#  Implicit rule search has not been done.
#  Modification time never checked.
#  File has not been updated.

norm:
#  Implicit rule search has not been done.
#  Modification time never checked.
#  File has not been updated.
#  recipe to execute (from 'Makefile', line 60):
	@norminette -R CheckForbiddenSourceHeader $(SRCS)

# Not a target:
src/objects/player/ft_player.o:
#  Implicit rule search has not been done.
#  Modification time never checked.
#  File has not been updated.

# Not a target:
src/components/raycast/ft_raycast.o:
#  Implicit rule search has not been done.
#  Modification time never checked.
#  File has not been updated.

cub3D: main.o src/transforme/ft_vector3.o src/objects/player/ft_player.o src/objects/scene/ft_scene.o src/objects/scene/ft_scene_util.o src/objects/teste/ft_teste.o src/objects/map/ft_map.o src/objects/map/ft_map_util.o src/objects/base/ft_object_base_util.o src/objects/base/ft_object_base.o src/util/array/base_array_util.o src/util/array/base_array.o src/util/array/hasmap/base_hasmap.o src/util/array/hasmap/base_hasmap_util.o src/util/string/string_util.o src/util/string/string_util2.o src/util/string/string.o src/util/string/string_util4.o src/util/string/string_util3.o src/util/this.o src/util/get_next_line.o src/util/memory.o src/util/util.o src/checks/ft_check_util.o src/checks/ft_check_map2.o src/checks/ft_check_map.o src/engine/event_controller/ft_event_controller.o src/engine/render/ft_render.o src/engine/render/ft_render_util.o src/engine/ft_engine.o src/engine/ft_engine_util.o src/components/raycast/ft_raycast.o src/components/ft_comonets.o src/components/nav_meshs/nav_mash_util.o src/components/nav_meshs/nav_mash.o
#  Implicit rule search has not been done.
#  Last modified 2022-07-05 14:12:29.767175637
#  File has been updated.
#  Needs to be updated (-q is set).
# variable set hash-table stats:
# Load=0/32=0%, Rehash=0, Collisions=0/6=0%
#  recipe to execute (from 'Makefile', line 42):
		@$(CC) $(^) $(MLX_FLAGS) -o $(@)

m: fclean
#  Phony target (prerequisite of .PHONY).
#  Implicit rule search has not been done.
#  File does not exist.
#  File has not been updated.

# Not a target:
src/util/string/string_util.o:
#  Implicit rule search has not been done.
#  Modification time never checked.
#  File has not been updated.

.PHONY: all re clean fclean m
#  Implicit rule search has not been done.
#  Modification time never checked.
#  File has not been updated.

# files hash-table stats:
# Load=50/1024=5%, Rehash=0, Collisions=4/111=4%
# VPATH Search Paths

# No 'vpath' search paths.

# No general ('VPATH' variable) search path.

# strcache buffers: 1 (0) / strings = 67 / storage = 1241 B / avg = 18 B
# current buf: size = 8162 B / used = 1241 B / count = 67 / avg = 18 B

# strcache performance: lookups = 97 / hit rate = 30%
# hash-table stats:
# Load=67/8192=1%, Rehash=0, Collisions=0/97=0%
# Finished Make data base on Wed Jul  6 18:30:13 2022

 
